{"total": {"lines":{"total":1008,"covered":907,"skipped":0,"pct":89.98},"statements":{"total":1122,"covered":1005,"skipped":0,"pct":89.57},"functions":{"total":239,"covered":196,"skipped":0,"pct":82},"branches":{"total":491,"covered":364,"skipped":0,"pct":74.13},"branchesTrue":{"total":0,"covered":0,"skipped":0,"pct":100}}
,"/home/devtrust/tiktok-influencer-marketing-backend/tiktok-ui/src/middleware.ts": {"lines":{"total":22,"covered":22,"skipped":0,"pct":100},"functions":{"total":4,"covered":4,"skipped":0,"pct":100},"statements":{"total":24,"covered":24,"skipped":0,"pct":100},"branches":{"total":8,"covered":7,"skipped":0,"pct":87.5}}
,"/home/devtrust/tiktok-influencer-marketing-backend/tiktok-ui/src/app/layout.tsx": {"lines":{"total":9,"covered":0,"skipped":0,"pct":0},"functions":{"total":1,"covered":0,"skipped":0,"pct":0},"statements":{"total":9,"covered":0,"skipped":0,"pct":0},"branches":{"total":0,"covered":0,"skipped":0,"pct":100}}
,"/home/devtrust/tiktok-influencer-marketing-backend/tiktok-ui/src/app/not-found.tsx": {"lines":{"total":4,"covered":4,"skipped":0,"pct":100},"functions":{"total":1,"covered":1,"skipped":0,"pct":100},"statements":{"total":4,"covered":4,"skipped":0,"pct":100},"branches":{"total":0,"covered":0,"skipped":0,"pct":100}}
,"/home/devtrust/tiktok-influencer-marketing-backend/tiktok-ui/src/app/(auth)/layout.tsx": {"lines":{"total":4,"covered":4,"skipped":0,"pct":100},"functions":{"total":1,"covered":1,"skipped":0,"pct":100},"statements":{"total":4,"covered":4,"skipped":0,"pct":100},"branches":{"total":0,"covered":0,"skipped":0,"pct":100}}
,"/home/devtrust/tiktok-influencer-marketing-backend/tiktok-ui/src/app/(auth)/forgot-password/page.tsx": {"lines":{"total":5,"covered":5,"skipped":0,"pct":100},"functions":{"total":1,"covered":1,"skipped":0,"pct":100},"statements":{"total":5,"covered":5,"skipped":0,"pct":100},"branches":{"total":0,"covered":0,"skipped":0,"pct":100}}
,"/home/devtrust/tiktok-influencer-marketing-backend/tiktok-ui/src/app/(auth)/login/page.tsx": {"lines":{"total":5,"covered":5,"skipped":0,"pct":100},"functions":{"total":1,"covered":1,"skipped":0,"pct":100},"statements":{"total":5,"covered":5,"skipped":0,"pct":100},"branches":{"total":0,"covered":0,"skipped":0,"pct":100}}
,"/home/devtrust/tiktok-influencer-marketing-backend/tiktok-ui/src/app/(auth)/reset-password/page.tsx": {"lines":{"total":44,"covered":44,"skipped":0,"pct":100},"functions":{"total":10,"covered":10,"skipped":0,"pct":100},"statements":{"total":47,"covered":46,"skipped":0,"pct":97.87},"branches":{"total":35,"covered":32,"skipped":0,"pct":91.42}}
,"/home/devtrust/tiktok-influencer-marketing-backend/tiktok-ui/src/app/(auth)/signup/page.tsx": {"lines":{"total":5,"covered":5,"skipped":0,"pct":100},"functions":{"total":1,"covered":1,"skipped":0,"pct":100},"statements":{"total":5,"covered":5,"skipped":0,"pct":100},"branches":{"total":0,"covered":0,"skipped":0,"pct":100}}
,"/home/devtrust/tiktok-influencer-marketing-backend/tiktok-ui/src/app/(auth)/verify-email/page.tsx": {"lines":{"total":6,"covered":6,"skipped":0,"pct":100},"functions":{"total":1,"covered":1,"skipped":0,"pct":100},"statements":{"total":6,"covered":6,"skipped":0,"pct":100},"branches":{"total":4,"covered":4,"skipped":0,"pct":100}}
,"/home/devtrust/tiktok-influencer-marketing-backend/tiktok-ui/src/app/(public)/page.tsx": {"lines":{"total":4,"covered":4,"skipped":0,"pct":100},"functions":{"total":1,"covered":1,"skipped":0,"pct":100},"statements":{"total":4,"covered":4,"skipped":0,"pct":100},"branches":{"total":0,"covered":0,"skipped":0,"pct":100}}
,"/home/devtrust/tiktok-influencer-marketing-backend/tiktok-ui/src/app/(public)/plan/page.tsx": {"lines":{"total":5,"covered":5,"skipped":0,"pct":100},"functions":{"total":1,"covered":1,"skipped":0,"pct":100},"statements":{"total":5,"covered":5,"skipped":0,"pct":100},"branches":{"total":0,"covered":0,"skipped":0,"pct":100}}
,"/home/devtrust/tiktok-influencer-marketing-backend/tiktok-ui/src/app/(public)/privacy-policy/page.tsx": {"lines":{"total":4,"covered":4,"skipped":0,"pct":100},"functions":{"total":1,"covered":1,"skipped":0,"pct":100},"statements":{"total":4,"covered":4,"skipped":0,"pct":100},"branches":{"total":0,"covered":0,"skipped":0,"pct":100}}
,"/home/devtrust/tiktok-influencer-marketing-backend/tiktok-ui/src/app/(public)/terms/page.tsx": {"lines":{"total":4,"covered":4,"skipped":0,"pct":100},"functions":{"total":1,"covered":1,"skipped":0,"pct":100},"statements":{"total":4,"covered":4,"skipped":0,"pct":100},"branches":{"total":0,"covered":0,"skipped":0,"pct":100}}
,"/home/devtrust/tiktok-influencer-marketing-backend/tiktok-ui/src/app/(root)/layout.tsx": {"lines":{"total":7,"covered":7,"skipped":0,"pct":100},"functions":{"total":1,"covered":1,"skipped":0,"pct":100},"statements":{"total":7,"covered":7,"skipped":0,"pct":100},"branches":{"total":0,"covered":0,"skipped":0,"pct":100}}
,"/home/devtrust/tiktok-influencer-marketing-backend/tiktok-ui/src/app/(root)/dashboard/page.tsx": {"lines":{"total":3,"covered":0,"skipped":0,"pct":0},"functions":{"total":1,"covered":0,"skipped":0,"pct":0},"statements":{"total":3,"covered":0,"skipped":0,"pct":0},"branches":{"total":0,"covered":0,"skipped":0,"pct":100}}
,"/home/devtrust/tiktok-influencer-marketing-backend/tiktok-ui/src/app/(root)/dashboard/admin/page.tsx": {"lines":{"total":5,"covered":5,"skipped":0,"pct":100},"functions":{"total":1,"covered":1,"skipped":0,"pct":100},"statements":{"total":5,"covered":5,"skipped":0,"pct":100},"branches":{"total":0,"covered":0,"skipped":0,"pct":100}}
,"/home/devtrust/tiktok-influencer-marketing-backend/tiktok-ui/src/app/(root)/profile/page.tsx": {"lines":{"total":7,"covered":7,"skipped":0,"pct":100},"functions":{"total":2,"covered":2,"skipped":0,"pct":100},"statements":{"total":8,"covered":8,"skipped":0,"pct":100},"branches":{"total":0,"covered":0,"skipped":0,"pct":100}}
,"/home/devtrust/tiktok-influencer-marketing-backend/tiktok-ui/src/app/(root)/settings/page.tsx": {"lines":{"total":5,"covered":5,"skipped":0,"pct":100},"functions":{"total":1,"covered":1,"skipped":0,"pct":100},"statements":{"total":5,"covered":5,"skipped":0,"pct":100},"branches":{"total":0,"covered":0,"skipped":0,"pct":100}}
,"/home/devtrust/tiktok-influencer-marketing-backend/tiktok-ui/src/components/QueryProvider.tsx": {"lines":{"total":4,"covered":4,"skipped":0,"pct":100},"functions":{"total":1,"covered":1,"skipped":0,"pct":100},"statements":{"total":4,"covered":4,"skipped":0,"pct":100},"branches":{"total":0,"covered":0,"skipped":0,"pct":100}}
,"/home/devtrust/tiktok-influencer-marketing-backend/tiktok-ui/src/components/layouts/auth-layout.tsx": {"lines":{"total":8,"covered":8,"skipped":0,"pct":100},"functions":{"total":1,"covered":1,"skipped":0,"pct":100},"statements":{"total":8,"covered":8,"skipped":0,"pct":100},"branches":{"total":4,"covered":4,"skipped":0,"pct":100}}
,"/home/devtrust/tiktok-influencer-marketing-backend/tiktok-ui/src/components/layouts/main-layout.tsx": {"lines":{"total":14,"covered":14,"skipped":0,"pct":100},"functions":{"total":4,"covered":4,"skipped":0,"pct":100},"statements":{"total":14,"covered":14,"skipped":0,"pct":100},"branches":{"total":6,"covered":6,"skipped":0,"pct":100}}
,"/home/devtrust/tiktok-influencer-marketing-backend/tiktok-ui/src/components/screens/accountSetting/page.tsx": {"lines":{"total":42,"covered":26,"skipped":0,"pct":61.9},"functions":{"total":10,"covered":2,"skipped":0,"pct":20},"statements":{"total":44,"covered":26,"skipped":0,"pct":59.09},"branches":{"total":15,"covered":9,"skipped":0,"pct":60}}
,"/home/devtrust/tiktok-influencer-marketing-backend/tiktok-ui/src/components/screens/auth/ForgotPasswordForm.tsx": {"lines":{"total":24,"covered":18,"skipped":0,"pct":75},"functions":{"total":6,"covered":1,"skipped":0,"pct":16.66},"statements":{"total":24,"covered":18,"skipped":0,"pct":75},"branches":{"total":20,"covered":11,"skipped":0,"pct":55}}
,"/home/devtrust/tiktok-influencer-marketing-backend/tiktok-ui/src/components/screens/auth/LoginForm.tsx": {"lines":{"total":88,"covered":79,"skipped":0,"pct":89.77},"functions":{"total":13,"covered":12,"skipped":0,"pct":92.3},"statements":{"total":92,"covered":81,"skipped":0,"pct":88.04},"branches":{"total":44,"covered":28,"skipped":0,"pct":63.63}}
,"/home/devtrust/tiktok-influencer-marketing-backend/tiktok-ui/src/components/screens/auth/ResetPasswordForm.tsx": {"lines":{"total":24,"covered":17,"skipped":0,"pct":70.83},"functions":{"total":5,"covered":2,"skipped":0,"pct":40},"statements":{"total":24,"covered":17,"skipped":0,"pct":70.83},"branches":{"total":41,"covered":20,"skipped":0,"pct":48.78}}
,"/home/devtrust/tiktok-influencer-marketing-backend/tiktok-ui/src/components/screens/auth/SignUpForm.tsx": {"lines":{"total":34,"covered":22,"skipped":0,"pct":64.7},"functions":{"total":7,"covered":1,"skipped":0,"pct":14.28},"statements":{"total":35,"covered":22,"skipped":0,"pct":62.85},"branches":{"total":25,"covered":13,"skipped":0,"pct":52}}
,"/home/devtrust/tiktok-influencer-marketing-backend/tiktok-ui/src/components/screens/auth/verify-email.tsx": {"lines":{"total":42,"covered":28,"skipped":0,"pct":66.66},"functions":{"total":8,"covered":6,"skipped":0,"pct":75},"statements":{"total":48,"covered":31,"skipped":0,"pct":64.58},"branches":{"total":16,"covered":7,"skipped":0,"pct":43.75}}
,"/home/devtrust/tiktok-influencer-marketing-backend/tiktok-ui/src/components/screens/landingPage/landing-page.tsx": {"lines":{"total":3,"covered":3,"skipped":0,"pct":100},"functions":{"total":1,"covered":1,"skipped":0,"pct":100},"statements":{"total":3,"covered":3,"skipped":0,"pct":100},"branches":{"total":0,"covered":0,"skipped":0,"pct":100}}
,"/home/devtrust/tiktok-influencer-marketing-backend/tiktok-ui/src/components/screens/plan/page.tsx": {"lines":{"total":41,"covered":27,"skipped":0,"pct":65.85},"functions":{"total":19,"covered":11,"skipped":0,"pct":57.89},"statements":{"total":44,"covered":29,"skipped":0,"pct":65.9},"branches":{"total":36,"covered":21,"skipped":0,"pct":58.33}}
,"/home/devtrust/tiktok-influencer-marketing-backend/tiktok-ui/src/components/shared/Loader.tsx": {"lines":{"total":5,"covered":5,"skipped":0,"pct":100},"functions":{"total":1,"covered":1,"skipped":0,"pct":100},"statements":{"total":7,"covered":7,"skipped":0,"pct":100},"branches":{"total":3,"covered":3,"skipped":0,"pct":100}}
,"/home/devtrust/tiktok-influencer-marketing-backend/tiktok-ui/src/components/shared/sidebar.tsx": {"lines":{"total":24,"covered":22,"skipped":0,"pct":91.66},"functions":{"total":7,"covered":3,"skipped":0,"pct":42.85},"statements":{"total":26,"covered":22,"skipped":0,"pct":84.61},"branches":{"total":31,"covered":23,"skipped":0,"pct":74.19}}
,"/home/devtrust/tiktok-influencer-marketing-backend/tiktok-ui/src/components/ui/Button.tsx": {"lines":{"total":6,"covered":6,"skipped":0,"pct":100},"functions":{"total":1,"covered":1,"skipped":0,"pct":100},"statements":{"total":6,"covered":6,"skipped":0,"pct":100},"branches":{"total":11,"covered":11,"skipped":0,"pct":100}}
,"/home/devtrust/tiktok-influencer-marketing-backend/tiktok-ui/src/components/ui/Typography.tsx": {"lines":{"total":7,"covered":7,"skipped":0,"pct":100},"functions":{"total":1,"covered":1,"skipped":0,"pct":100},"statements":{"total":7,"covered":7,"skipped":0,"pct":100},"branches":{"total":9,"covered":9,"skipped":0,"pct":100}}
,"/home/devtrust/tiktok-influencer-marketing-backend/tiktok-ui/src/components/ui/alert.tsx": {"lines":{"total":17,"covered":16,"skipped":0,"pct":94.11},"functions":{"total":3,"covered":3,"skipped":0,"pct":100},"statements":{"total":24,"covered":23,"skipped":0,"pct":95.83},"branches":{"total":1,"covered":0,"skipped":0,"pct":0}}
,"/home/devtrust/tiktok-influencer-marketing-backend/tiktok-ui/src/components/ui/avatar.tsx": {"lines":{"total":13,"covered":13,"skipped":0,"pct":100},"functions":{"total":3,"covered":3,"skipped":0,"pct":100},"statements":{"total":21,"covered":21,"skipped":0,"pct":100},"branches":{"total":0,"covered":0,"skipped":0,"pct":100}}
,"/home/devtrust/tiktok-influencer-marketing-backend/tiktok-ui/src/components/ui/buttonn.tsx": {"lines":{"total":9,"covered":9,"skipped":0,"pct":100},"functions":{"total":1,"covered":1,"skipped":0,"pct":100},"statements":{"total":11,"covered":11,"skipped":0,"pct":100},"branches":{"total":1,"covered":1,"skipped":0,"pct":100}}
,"/home/devtrust/tiktok-influencer-marketing-backend/tiktok-ui/src/components/ui/card.tsx": {"lines":{"total":24,"covered":23,"skipped":0,"pct":95.83},"functions":{"total":6,"covered":6,"skipped":0,"pct":100},"statements":{"total":40,"covered":39,"skipped":0,"pct":97.5},"branches":{"total":1,"covered":0,"skipped":0,"pct":0}}
,"/home/devtrust/tiktok-influencer-marketing-backend/tiktok-ui/src/components/ui/checkbox.tsx": {"lines":{"total":8,"covered":8,"skipped":0,"pct":100},"functions":{"total":1,"covered":1,"skipped":0,"pct":100},"statements":{"total":10,"covered":10,"skipped":0,"pct":100},"branches":{"total":0,"covered":0,"skipped":0,"pct":100}}
,"/home/devtrust/tiktok-influencer-marketing-backend/tiktok-ui/src/components/ui/form.tsx": {"lines":{"total":59,"covered":58,"skipped":0,"pct":98.3},"functions":{"total":9,"covered":9,"skipped":0,"pct":100},"statements":{"total":64,"covered":63,"skipped":0,"pct":98.43},"branches":{"total":12,"covered":10,"skipped":0,"pct":83.33}}
,"/home/devtrust/tiktok-influencer-marketing-backend/tiktok-ui/src/components/ui/input.tsx": {"lines":{"total":7,"covered":7,"skipped":0,"pct":100},"functions":{"total":1,"covered":1,"skipped":0,"pct":100},"statements":{"total":8,"covered":8,"skipped":0,"pct":100},"branches":{"total":0,"covered":0,"skipped":0,"pct":100}}
,"/home/devtrust/tiktok-influencer-marketing-backend/tiktok-ui/src/components/ui/label.tsx": {"lines":{"total":9,"covered":9,"skipped":0,"pct":100},"functions":{"total":1,"covered":1,"skipped":0,"pct":100},"statements":{"total":11,"covered":11,"skipped":0,"pct":100},"branches":{"total":0,"covered":0,"skipped":0,"pct":100}}
,"/home/devtrust/tiktok-influencer-marketing-backend/tiktok-ui/src/components/ui/switch.tsx": {"lines":{"total":7,"covered":7,"skipped":0,"pct":100},"functions":{"total":1,"covered":1,"skipped":0,"pct":100},"statements":{"total":9,"covered":9,"skipped":0,"pct":100},"branches":{"total":0,"covered":0,"skipped":0,"pct":100}}
,"/home/devtrust/tiktok-influencer-marketing-backend/tiktok-ui/src/components/ui/tabs.tsx": {"lines":{"total":14,"covered":14,"skipped":0,"pct":100},"functions":{"total":3,"covered":3,"skipped":0,"pct":100},"statements":{"total":23,"covered":23,"skipped":0,"pct":100},"branches":{"total":0,"covered":0,"skipped":0,"pct":100}}
,"/home/devtrust/tiktok-influencer-marketing-backend/tiktok-ui/src/components/ui/toast.tsx": {"lines":{"total":33,"covered":32,"skipped":0,"pct":96.96},"functions":{"total":6,"covered":5,"skipped":0,"pct":83.33},"statements":{"total":44,"covered":41,"skipped":0,"pct":93.18},"branches":{"total":0,"covered":0,"skipped":0,"pct":100}}
,"/home/devtrust/tiktok-influencer-marketing-backend/tiktok-ui/src/components/ui/use-toast.tsx": {"lines":{"total":54,"covered":51,"skipped":0,"pct":94.44},"functions":{"total":18,"covered":16,"skipped":0,"pct":88.88},"statements":{"total":58,"covered":54,"skipped":0,"pct":93.1},"branches":{"total":16,"covered":15,"skipped":0,"pct":93.75}}
,"/home/devtrust/tiktok-influencer-marketing-backend/tiktok-ui/src/context/AuthContext.tsx": {"lines":{"total":19,"covered":18,"skipped":0,"pct":94.73},"functions":{"total":5,"covered":4,"skipped":0,"pct":80},"statements":{"total":22,"covered":20,"skipped":0,"pct":90.9},"branches":{"total":8,"covered":7,"skipped":0,"pct":87.5}}
,"/home/devtrust/tiktok-influencer-marketing-backend/tiktok-ui/src/lib/index.ts": {"lines":{"total":7,"covered":7,"skipped":0,"pct":100},"functions":{"total":3,"covered":3,"skipped":0,"pct":100},"statements":{"total":10,"covered":10,"skipped":0,"pct":100},"branches":{"total":0,"covered":0,"skipped":0,"pct":100}}
,"/home/devtrust/tiktok-influencer-marketing-backend/tiktok-ui/src/lib/queryClient.ts": {"lines":{"total":2,"covered":2,"skipped":0,"pct":100},"functions":{"total":0,"covered":0,"skipped":0,"pct":100},"statements":{"total":2,"covered":2,"skipped":0,"pct":100},"branches":{"total":0,"covered":0,"skipped":0,"pct":100}}
,"/home/devtrust/tiktok-influencer-marketing-backend/tiktok-ui/src/lib/api/axiosInstance.ts": {"lines":{"total":35,"covered":34,"skipped":0,"pct":97.14},"functions":{"total":3,"covered":3,"skipped":0,"pct":100},"statements":{"total":35,"covered":34,"skipped":0,"pct":97.14},"branches":{"total":55,"covered":53,"skipped":0,"pct":96.36}}
,"/home/devtrust/tiktok-influencer-marketing-backend/tiktok-ui/src/lib/api/mutations/auth.ts": {"lines":{"total":85,"covered":85,"skipped":0,"pct":100},"functions":{"total":26,"covered":26,"skipped":0,"pct":100},"statements":{"total":94,"covered":94,"skipped":0,"pct":100},"branches":{"total":64,"covered":47,"skipped":0,"pct":73.43}}
,"/home/devtrust/tiktok-influencer-marketing-backend/tiktok-ui/src/lib/api/mutations/user.ts": {"lines":{"total":26,"covered":26,"skipped":0,"pct":100},"functions":{"total":8,"covered":8,"skipped":0,"pct":100},"statements":{"total":28,"covered":28,"skipped":0,"pct":100},"branches":{"total":24,"covered":22,"skipped":0,"pct":91.66}}
,"/home/devtrust/tiktok-influencer-marketing-backend/tiktok-ui/src/lib/api/queries/user.ts": {"lines":{"total":10,"covered":10,"skipped":0,"pct":100},"functions":{"total":2,"covered":2,"skipped":0,"pct":100},"statements":{"total":11,"covered":11,"skipped":0,"pct":100},"branches":{"total":0,"covered":0,"skipped":0,"pct":100}}
,"/home/devtrust/tiktok-influencer-marketing-backend/tiktok-ui/src/lib/api/services/authService.ts": {"lines":{"total":16,"covered":16,"skipped":0,"pct":100},"functions":{"total":7,"covered":7,"skipped":0,"pct":100},"statements":{"total":16,"covered":16,"skipped":0,"pct":100},"branches":{"total":0,"covered":0,"skipped":0,"pct":100}}
,"/home/devtrust/tiktok-influencer-marketing-backend/tiktok-ui/src/lib/api/services/userService.ts": {"lines":{"total":8,"covered":8,"skipped":0,"pct":100},"functions":{"total":3,"covered":3,"skipped":0,"pct":100},"statements":{"total":8,"covered":8,"skipped":0,"pct":100},"branches":{"total":0,"covered":0,"skipped":0,"pct":100}}
,"/home/devtrust/tiktok-influencer-marketing-backend/tiktok-ui/src/lib/utils/index.ts": {"lines":{"total":4,"covered":4,"skipped":0,"pct":100},"functions":{"total":1,"covered":1,"skipped":0,"pct":100},"statements":{"total":4,"covered":4,"skipped":0,"pct":100},"branches":{"total":0,"covered":0,"skipped":0,"pct":100}}
,"/home/devtrust/tiktok-influencer-marketing-backend/tiktok-ui/src/lib/validations/authSchema.ts": {"lines":{"total":6,"covered":6,"skipped":0,"pct":100},"functions":{"total":0,"covered":0,"skipped":0,"pct":100},"statements":{"total":6,"covered":6,"skipped":0,"pct":100},"branches":{"total":0,"covered":0,"skipped":0,"pct":100}}
,"/home/devtrust/tiktok-influencer-marketing-backend/tiktok-ui/src/lib/validations/schemas.ts": {"lines":{"total":3,"covered":3,"skipped":0,"pct":100},"functions":{"total":0,"covered":0,"skipped":0,"pct":100},"statements":{"total":3,"covered":3,"skipped":0,"pct":100},"branches":{"total":0,"covered":0,"skipped":0,"pct":100}}
,"/home/devtrust/tiktok-influencer-marketing-backend/tiktok-ui/src/stores/useAuthStore.ts": {"lines":{"total":15,"covered":15,"skipped":0,"pct":100},"functions":{"total":9,"covered":9,"skipped":0,"pct":100},"statements":{"total":15,"covered":15,"skipped":0,"pct":100},"branches":{"total":1,"covered":1,"skipped":0,"pct":100}}
,"/home/devtrust/tiktok-influencer-marketing-backend/tiktok-ui/src/stores/useLoaderStore.ts": {"lines":{"total":4,"covered":4,"skipped":0,"pct":100},"functions":{"total":3,"covered":3,"skipped":0,"pct":100},"statements":{"total":5,"covered":5,"skipped":0,"pct":100},"branches":{"total":0,"covered":0,"skipped":0,"pct":100}}
}
