TN:
SF:src/middleware.ts
FN:7,hasValidAuthToken
FN:13,middleware
FN:17,(anonymous_2)
FN:18,(anonymous_3)
FNF:4
FNH:4
FNDA:18,hasValidAuthToken
FNDA:18,middleware
FNDA:63,(anonymous_2)
FNDA:70,(anonymous_3)
DA:1,1
DA:2,1
DA:4,1
DA:5,1
DA:8,18
DA:9,18
DA:10,18
DA:13,1
DA:14,18
DA:15,18
DA:17,63
DA:18,70
DA:20,18
DA:21,5
DA:24,13
DA:25,10
DA:27,5
DA:29,5
DA:33,3
DA:34,2
DA:37,1
DA:40,1
LF:22
LH:22
BRDA:8,0,0,18
BRDA:8,0,1,0
BRDA:8,1,0,18
BRDA:8,1,1,18
BRDA:20,2,0,5
BRDA:24,3,0,10
BRDA:25,4,0,5
BRDA:33,5,0,2
BRF:8
BRH:7
end_of_record
TN:
SF:src/app/layout.tsx
FN:22,RootLayout
FNF:1
FNH:0
FNDA:0,RootLayout
DA:2,0
DA:3,0
DA:4,0
DA:5,0
DA:7,0
DA:12,0
DA:17,0
DA:22,0
DA:27,0
LF:9
LH:0
BRF:0
BRH:0
end_of_record
TN:
SF:src/app/not-found.tsx
FN:3,(anonymous_1)
FNF:1
FNH:1
FNDA:2,(anonymous_1)
DA:1,1
DA:3,1
DA:4,2
DA:7,1
LF:4
LH:4
BRF:0
BRH:0
end_of_record
TN:
SF:src/app/(auth)/layout.tsx
FN:4,(anonymous_1)
FNF:1
FNH:1
FNDA:1,(anonymous_1)
DA:2,1
DA:4,1
DA:5,1
DA:8,1
LF:4
LH:4
BRF:0
BRH:0
end_of_record
TN:
SF:src/app/(auth)/forgot-password/page.tsx
FN:4,(anonymous_1)
FNF:1
FNH:1
FNDA:1,(anonymous_1)
DA:1,1
DA:2,1
DA:4,1
DA:5,1
DA:8,1
LF:5
LH:5
BRF:0
BRH:0
end_of_record
TN:
SF:src/app/(auth)/login/page.tsx
FN:4,(anonymous_1)
FNF:1
FNH:1
FNDA:1,(anonymous_1)
DA:1,1
DA:2,1
DA:4,1
DA:5,1
DA:8,1
LF:5
LH:5
BRF:0
BRH:0
end_of_record
TN:
SF:src/app/(auth)/reset-password/page.tsx
FN:43,(anonymous_1)
FN:54,(anonymous_2)
FN:75,(anonymous_3)
FN:81,(anonymous_4)
FN:82,(anonymous_5)
FN:93,(anonymous_6)
FN:95,(anonymous_7)
FN:96,(anonymous_8)
FN:198,(anonymous_9)
FN:219,(anonymous_10)
FNF:10
FNH:10
FNDA:18,(anonymous_1)
FNDA:22,(anonymous_2)
FNDA:3,(anonymous_3)
FNDA:1,(anonymous_4)
FNDA:1,(anonymous_5)
FNDA:8,(anonymous_6)
FNDA:1,(anonymous_7)
FNDA:1,(anonymous_8)
FNDA:2,(anonymous_9)
FNDA:1,(anonymous_10)
DA:3,1
DA:4,1
DA:5,1
DA:17,1
DA:22,1
DA:23,1
DA:24,1
DA:25,1
DA:26,1
DA:27,1
DA:28,1
DA:29,1
DA:32,1
DA:43,18
DA:50,1
DA:54,1
DA:55,22
DA:56,22
DA:57,22
DA:59,22
DA:60,22
DA:61,22
DA:62,22
DA:68,22
DA:73,22
DA:75,22
DA:76,3
DA:77,3
DA:78,3
DA:81,1
DA:83,1
DA:93,22
DA:94,8
DA:95,1
DA:96,1
DA:100,22
DA:102,22
DA:103,2
DA:124,20
DA:125,1
DA:156,19
DA:198,2
DA:219,1
DA:257,1
LF:44
LH:44
BRDA:56,0,0,20
BRDA:56,0,1,2
BRDA:56,1,0,22
BRDA:56,1,1,20
BRDA:76,2,0,0
BRDA:94,3,0,1
BRDA:100,4,0,22
BRDA:100,4,1,3
BRDA:100,4,2,3
BRDA:102,5,0,2
BRDA:124,6,0,1
BRDA:179,7,0,19
BRDA:179,7,1,1
BRDA:181,8,0,1
BRDA:181,8,1,0
BRDA:181,9,0,1
BRDA:181,9,1,1
BRDA:188,10,0,1
BRDA:188,10,1,18
BRDA:193,11,0,15
BRDA:193,11,1,4
BRDA:193,12,0,19
BRDA:193,12,1,19
BRDA:199,13,0,1
BRDA:199,13,1,18
BRDA:209,14,0,2
BRDA:209,14,1,17
BRDA:214,15,0,19
BRDA:214,15,1,0
BRDA:214,16,0,19
BRDA:214,16,1,19
BRDA:220,17,0,2
BRDA:220,17,1,17
BRDA:235,18,0,2
BRDA:235,18,1,17
BRF:35
BRH:32
end_of_record
TN:
SF:src/app/(auth)/signup/page.tsx
FN:4,(anonymous_1)
FNF:1
FNH:1
FNDA:1,(anonymous_1)
DA:1,1
DA:2,1
DA:4,1
DA:5,1
DA:8,1
LF:5
LH:5
BRF:0
BRH:0
end_of_record
TN:
SF:src/app/(auth)/verify-email/page.tsx
FN:11,VerifyEmailServerPage
FNF:1
FNH:1
FNDA:2,VerifyEmailServerPage
DA:2,1
DA:4,1
DA:5,1
DA:11,1
DA:14,2
DA:16,2
LF:6
LH:6
BRDA:14,0,0,1
BRDA:14,0,1,1
BRDA:14,1,0,2
BRDA:14,1,1,2
BRF:4
BRH:4
end_of_record
TN:
SF:src/app/(public)/page.tsx
FN:3,Home
FNF:1
FNH:1
FNDA:1,Home
DA:1,1
DA:2,1
DA:3,1
DA:4,1
LF:4
LH:4
BRF:0
BRH:0
end_of_record
TN:
SF:src/app/(public)/plan/page.tsx
FN:4,(anonymous_1)
FNF:1
FNH:1
FNDA:1,(anonymous_1)
DA:1,1
DA:2,1
DA:4,1
DA:5,1
DA:8,1
LF:5
LH:5
BRF:0
BRH:0
end_of_record
TN:
SF:src/app/(public)/privacy-policy/page.tsx
FN:3,(anonymous_1)
FNF:1
FNH:1
FNDA:1,(anonymous_1)
DA:1,1
DA:3,1
DA:4,1
DA:9,1
LF:4
LH:4
BRF:0
BRH:0
end_of_record
TN:
SF:src/app/(public)/terms/page.tsx
FN:3,(anonymous_1)
FNF:1
FNH:1
FNDA:1,(anonymous_1)
DA:1,1
DA:3,1
DA:4,1
DA:7,1
LF:4
LH:4
BRF:0
BRH:0
end_of_record
TN:
SF:src/app/(root)/layout.tsx
FN:7,(anonymous_1)
FNF:1
FNH:1
FNDA:1,(anonymous_1)
DA:1,1
DA:2,1
DA:4,1
DA:5,1
DA:7,1
DA:8,1
DA:18,1
LF:7
LH:7
BRF:0
BRH:0
end_of_record
TN:
SF:src/app/(root)/dashboard/page.tsx
FN:3,Dashboard
FNF:1
FNH:0
FNDA:0,Dashboard
DA:1,0
DA:3,0
DA:4,0
LF:3
LH:0
BRF:0
BRH:0
end_of_record
TN:
SF:src/app/(root)/dashboard/admin/page.tsx
FN:4,(anonymous_1)
FNF:1
FNH:1
FNDA:2,(anonymous_1)
DA:1,1
DA:2,1
DA:4,1
DA:5,2
DA:13,1
LF:5
LH:5
BRF:0
BRH:0
end_of_record
TN:
SF:src/app/(root)/profile/page.tsx
FN:6,(anonymous_1)
FN:7,(anonymous_2)
FNF:2
FNH:2
FNDA:2,(anonymous_1)
FNDA:2,(anonymous_2)
DA:2,1
DA:3,1
DA:4,1
DA:6,1
DA:7,2
DA:8,2
DA:17,1
LF:7
LH:7
BRF:0
BRH:0
end_of_record
TN:
SF:src/app/(root)/settings/page.tsx
FN:4,(anonymous_1)
FNF:1
FNH:1
FNDA:1,(anonymous_1)
DA:1,1
DA:2,1
DA:4,1
DA:5,1
DA:8,1
LF:5
LH:5
BRF:0
BRH:0
end_of_record
TN:
SF:src/components/QueryProvider.tsx
FN:11,QueryProvider
FNF:1
FNH:1
FNDA:1,QueryProvider
DA:3,1
DA:4,1
DA:11,1
DA:12,1
LF:4
LH:4
BRF:0
BRH:0
end_of_record
TN:
SF:src/components/layouts/auth-layout.tsx
FN:16,(anonymous_1)
FNF:1
FNH:1
FNDA:11,(anonymous_1)
DA:3,4
DA:4,4
DA:5,4
DA:6,4
DA:7,4
DA:16,4
DA:22,11
DA:64,4
LF:8
LH:8
BRDA:41,0,0,11
BRDA:41,0,1,8
BRDA:48,1,0,11
BRDA:48,1,1,6
BRF:4
BRH:4
end_of_record
TN:
SF:src/components/layouts/main-layout.tsx
FN:10,(anonymous_10)
FN:14,(anonymous_11)
FN:26,(anonymous_12)
FN:42,(anonymous_13)
FNF:4
FNH:4
FNDA:19,(anonymous_10)
FNDA:3,(anonymous_11)
FNDA:1,(anonymous_12)
FNDA:5,(anonymous_13)
DA:4,1
DA:5,1
DA:6,1
DA:7,1
DA:10,1
DA:11,19
DA:12,19
DA:14,19
DA:15,3
DA:16,3
DA:20,19
DA:26,1
DA:42,5
DA:60,1
LF:14
LH:14
BRDA:15,0,0,3
BRDA:15,1,0,3
BRDA:15,1,1,2
BRDA:15,1,2,1
BRDA:22,2,0,19
BRDA:22,2,1,6
BRF:6
BRH:6
end_of_record
TN:
SF:src/components/screens/accountSetting/page.tsx
FN:14,SettingsPage
FN:45,(anonymous_2)
FN:56,(anonymous_3)
FN:58,(anonymous_4)
FN:64,(anonymous_5)
FN:66,(anonymous_6)
FN:72,(anonymous_7)
FN:80,(anonymous_8)
FN:107,(anonymous_9)
FN:174,(anonymous_10)
FNF:10
FNH:2
FNDA:3,SettingsPage
FNDA:3,(anonymous_2)
FNDA:0,(anonymous_3)
FNDA:0,(anonymous_4)
FNDA:0,(anonymous_5)
FNDA:0,(anonymous_6)
FNDA:0,(anonymous_7)
FNDA:0,(anonymous_8)
FNDA:0,(anonymous_9)
FNDA:0,(anonymous_10)
DA:3,1
DA:4,1
DA:5,1
DA:6,1
DA:7,1
DA:8,1
DA:9,1
DA:10,1
DA:11,1
DA:12,1
DA:14,1
DA:16,3
DA:19,3
DA:20,3
DA:21,3
DA:24,3
DA:30,3
DA:37,3
DA:45,3
DA:46,3
DA:47,3
DA:56,3
DA:57,0
DA:58,0
DA:64,3
DA:65,0
DA:66,0
DA:72,3
DA:73,0
DA:74,0
DA:80,3
DA:81,0
DA:83,0
DA:84,0
DA:89,0
DA:93,0
DA:94,0
DA:99,0
DA:102,0
DA:109,0
DA:118,3
DA:175,0
LF:42
LH:26
BRDA:46,0,0,3
BRDA:46,1,0,0
BRDA:46,1,1,3
BRDA:46,2,0,3
BRDA:46,2,1,3
BRDA:50,3,0,3
BRDA:50,3,1,0
BRDA:50,4,0,3
BRDA:50,4,1,3
BRDA:83,5,0,0
BRDA:93,6,0,0
BRDA:201,7,0,0
BRDA:201,7,1,3
BRDA:258,8,0,0
BRDA:258,8,1,3
BRF:15
BRH:9
end_of_record
TN:
SF:src/components/screens/auth/ForgotPasswordForm.tsx
FN:13,(anonymous_10)
FN:19,(anonymous_11)
FN:23,(anonymous_12)
FN:29,(anonymous_13)
FN:61,(anonymous_14)
FN:106,(anonymous_15)
FNF:6
FNH:1
FNDA:2,(anonymous_10)
FNDA:0,(anonymous_11)
FNDA:0,(anonymous_12)
FNDA:0,(anonymous_13)
FNDA:0,(anonymous_14)
FNDA:0,(anonymous_15)
DA:2,1
DA:3,1
DA:4,1
DA:5,1
DA:6,1
DA:7,1
DA:8,1
DA:9,1
DA:10,1
DA:11,1
DA:13,1
DA:14,2
DA:15,2
DA:17,2
DA:19,2
DA:20,0
DA:22,0
DA:24,0
DA:29,2
DA:30,0
DA:33,2
DA:61,0
DA:106,0
DA:130,1
LF:24
LH:18
BRDA:39,0,0,2
BRDA:39,0,1,0
BRDA:44,1,0,2
BRDA:44,1,1,1
BRDA:47,2,0,1
BRDA:47,2,1,1
BRDA:81,3,0,2
BRDA:81,3,1,0
BRDA:81,3,2,0
BRDA:85,4,0,0
BRDA:85,4,1,0
BRDA:90,5,0,2
BRDA:90,5,1,0
BRDA:108,6,0,2
BRDA:108,6,1,1
BRDA:113,7,0,2
BRDA:113,7,1,0
BRDA:113,7,2,0
BRDA:119,8,0,2
BRDA:119,8,1,0
BRF:20
BRH:11
end_of_record
TN:
SF:src/components/screens/auth/LoginForm.tsx
FN:21,(anonymous_10)
FN:35,(anonymous_11)
FN:46,(anonymous_12)
FN:55,(anonymous_13)
FN:69,(anonymous_14)
FN:87,(anonymous_15)
FN:93,(anonymous_16)
FN:131,(anonymous_17)
FN:132,(anonymous_18)
FN:136,(anonymous_19)
FN:199,(anonymous_20)
FN:222,(anonymous_21)
FN:246,(anonymous_22)
FNF:13
FNH:12
FNDA:27,(anonymous_10)
FNDA:8,(anonymous_11)
FNDA:0,(anonymous_12)
FNDA:1,(anonymous_13)
FNDA:6,(anonymous_14)
FNDA:1,(anonymous_15)
FNDA:2,(anonymous_16)
FNDA:2,(anonymous_17)
FNDA:2,(anonymous_18)
FNDA:2,(anonymous_19)
FNDA:4,(anonymous_20)
FNDA:4,(anonymous_21)
FNDA:1,(anonymous_22)
DA:3,1
DA:4,1
DA:5,1
DA:6,1
DA:7,1
DA:8,1
DA:9,1
DA:10,1
DA:11,1
DA:17,1
DA:18,1
DA:19,1
DA:21,1
DA:22,27
DA:23,27
DA:24,27
DA:25,27
DA:26,27
DA:27,27
DA:28,27
DA:29,27
DA:30,27
DA:32,27
DA:35,27
DA:36,8
DA:37,8
DA:38,1
DA:39,1
DA:41,1
DA:42,1
DA:43,1
DA:46,1
DA:47,0
DA:48,0
DA:49,0
DA:50,0
DA:51,0
DA:55,1
DA:58,0
DA:63,7
DA:64,7
DA:65,1
DA:69,27
DA:70,6
DA:71,6
DA:74,6
DA:75,1
DA:76,1
DA:79,5
DA:80,1
DA:81,1
DA:84,4
DA:89,1
DA:90,1
DA:91,1
DA:97,2
DA:98,0
DA:99,2
DA:100,0
DA:101,2
DA:102,2
DA:105,2
DA:106,2
DA:107,2
DA:110,2
DA:112,1
DA:113,1
DA:114,1
DA:115,1
DA:119,1
DA:122,0
DA:125,2
DA:131,27
DA:132,2
DA:136,27
DA:137,2
DA:139,2
DA:140,2
DA:141,2
DA:143,2
DA:144,2
DA:146,2
DA:151,27
DA:170,27
DA:199,4
DA:222,4
DA:246,1
DA:272,1
LF:88
LH:79
BRDA:37,0,0,1
BRDA:41,1,0,1
BRDA:41,1,1,0
BRDA:47,2,0,0
BRDA:64,3,0,1
BRDA:74,4,0,1
BRDA:79,5,0,1
BRDA:79,6,0,5
BRDA:79,6,1,4
BRDA:97,7,0,0
BRDA:97,7,1,2
BRDA:99,8,0,0
BRDA:99,8,1,2
BRDA:101,9,0,2
BRDA:101,9,1,0
BRDA:110,10,0,1
BRDA:122,11,0,0
BRDA:122,11,1,0
BRDA:137,12,0,0
BRDA:141,13,0,0
BRDA:146,14,0,0
BRDA:146,14,1,2
BRDA:177,15,0,27
BRDA:177,15,1,23
BRDA:177,15,2,4
BRDA:181,16,0,4
BRDA:181,16,1,0
BRDA:181,17,0,4
BRDA:181,17,1,4
BRDA:181,18,0,0
BRDA:181,18,1,0
BRDA:181,19,0,0
BRDA:181,19,1,0
BRDA:182,20,0,4
BRDA:182,20,1,2
BRDA:182,20,2,2
BRDA:219,21,0,1
BRDA:219,21,1,26
BRDA:233,22,0,1
BRDA:233,22,1,26
BRDA:255,23,0,27
BRDA:255,23,1,27
BRDA:257,24,0,0
BRDA:257,24,1,27
BRF:44
BRH:28
end_of_record
TN:
SF:src/components/screens/auth/ResetPasswordForm.tsx
FN:21,(anonymous_10)
FN:28,(anonymous_11)
FN:42,(anonymous_12)
FN:43,(anonymous_13)
FN:72,(anonymous_14)
FNF:5
FNH:2
FNDA:2,(anonymous_10)
FNDA:0,(anonymous_11)
FNDA:0,(anonymous_12)
FNDA:0,(anonymous_13)
FNDA:2,(anonymous_14)
DA:3,1
DA:4,1
DA:5,1
DA:6,1
DA:7,1
DA:8,1
DA:10,1
DA:12,1
DA:21,1
DA:22,2
DA:23,2
DA:24,2
DA:26,2
DA:28,2
DA:29,0
DA:31,0
DA:32,0
DA:33,0
DA:36,0
DA:41,0
DA:42,0
DA:49,2
DA:73,2
DA:149,1
LF:24
LH:17
BRDA:24,0,0,2
BRDA:24,0,1,0
BRDA:24,1,0,2
BRDA:24,1,1,2
BRDA:31,2,0,0
BRDA:42,3,0,0
BRDA:42,3,1,0
BRDA:55,4,0,2
BRDA:55,4,1,0
BRDA:55,5,0,0
BRDA:55,5,1,2
BRDA:55,6,0,2
BRDA:55,6,1,0
BRDA:57,7,0,0
BRDA:57,7,1,0
BRDA:57,8,0,0
BRDA:57,8,1,0
BRDA:57,9,0,0
BRDA:57,9,1,0
BRDA:57,10,0,0
BRDA:57,10,1,0
BRDA:61,11,0,2
BRDA:61,11,1,0
BRDA:82,12,0,2
BRDA:82,12,1,0
BRDA:82,13,0,2
BRDA:82,13,1,2
BRDA:83,14,0,2
BRDA:83,14,1,0
BRDA:96,15,0,2
BRDA:96,15,1,0
BRDA:96,16,0,2
BRDA:96,16,1,2
BRDA:97,17,0,2
BRDA:97,17,1,0
BRDA:106,18,0,2
BRDA:106,18,1,0
BRDA:106,19,0,2
BRDA:106,19,1,2
BRDA:115,20,0,1
BRDA:115,20,1,1
BRF:41
BRH:20
end_of_record
TN:
SF:src/components/screens/auth/SignUpForm.tsx
FN:21,(anonymous_10)
FN:51,(anonymous_11)
FN:53,(anonymous_12)
FN:59,(anonymous_13)
FN:79,(anonymous_14)
FN:80,(anonymous_15)
FN:142,(anonymous_16)
FNF:7
FNH:1
FNDA:3,(anonymous_10)
FNDA:0,(anonymous_11)
FNDA:0,(anonymous_12)
FNDA:0,(anonymous_13)
FNDA:0,(anonymous_14)
FNDA:0,(anonymous_15)
FNDA:0,(anonymous_16)
DA:3,1
DA:4,1
DA:5,1
DA:6,1
DA:17,1
DA:18,1
DA:19,1
DA:21,1
DA:22,3
DA:25,3
DA:26,3
DA:28,3
DA:39,3
DA:40,3
DA:42,3
DA:45,3
DA:51,3
DA:52,0
DA:53,0
DA:59,3
DA:60,0
DA:61,0
DA:63,0
DA:64,0
DA:65,0
DA:68,0
DA:79,0
DA:81,0
DA:89,3
DA:127,3
DA:128,0
DA:142,0
DA:158,3
DA:273,1
LF:34
LH:22
BRDA:26,0,0,3
BRDA:26,0,1,0
BRDA:26,1,0,3
BRDA:26,1,1,3
BRDA:35,2,0,3
BRDA:35,2,1,0
BRDA:35,3,0,3
BRDA:35,3,1,3
BRDA:55,4,0,0
BRDA:55,4,1,0
BRDA:63,5,0,0
BRDA:81,6,0,0
BRDA:81,6,1,0
BRDA:81,7,0,0
BRDA:81,7,1,0
BRDA:104,8,0,1
BRDA:104,8,1,2
BRDA:127,9,0,0
BRDA:177,10,0,3
BRDA:177,10,1,0
BRDA:185,11,0,3
BRDA:185,11,1,3
BRDA:185,11,2,3
BRDA:191,12,0,0
BRDA:191,12,1,3
BRF:25
BRH:13
end_of_record
TN:
SF:src/components/screens/auth/verify-email.tsx
FN:22,VerifyEmailPage
FN:31,(anonymous_1)
FN:41,(anonymous_2)
FN:66,(anonymous_3)
FN:68,(anonymous_4)
FN:69,(anonymous_5)
FN:72,(anonymous_6)
FN:73,(anonymous_7)
FNF:8
FNH:6
FNDA:4,VerifyEmailPage
FNDA:4,(anonymous_1)
FNDA:4,(anonymous_2)
FNDA:4,(anonymous_3)
FNDA:0,(anonymous_4)
FNDA:2,(anonymous_5)
FNDA:1,(anonymous_6)
FNDA:0,(anonymous_7)
DA:3,1
DA:4,1
DA:5,1
DA:14,1
DA:15,1
DA:16,1
DA:22,1
DA:23,4
DA:25,4
DA:26,4
DA:27,4
DA:29,4
DA:31,4
DA:32,4
DA:33,4
DA:35,4
DA:36,0
DA:37,0
DA:38,0
DA:41,4
DA:42,4
DA:43,4
DA:44,4
DA:46,0
DA:48,0
DA:49,0
DA:50,0
DA:51,0
DA:52,0
DA:53,0
DA:54,0
DA:55,0
DA:58,0
DA:59,0
DA:63,4
DA:66,4
DA:67,4
DA:68,2
DA:69,2
DA:72,4
DA:73,4
DA:75,4
LF:42
LH:28
BRDA:32,0,0,0
BRDA:35,1,0,0
BRDA:48,2,0,0
BRDA:48,2,1,0
BRDA:50,3,0,0
BRDA:50,3,1,0
BRDA:52,4,0,0
BRDA:52,4,1,0
BRDA:54,5,0,0
BRDA:67,6,0,2
BRDA:97,7,0,4
BRDA:97,7,1,1
BRDA:107,8,0,4
BRDA:107,8,1,2
BRDA:138,9,0,4
BRDA:138,9,1,1
BRF:16
BRH:7
end_of_record
TN:
SF:src/components/screens/landingPage/landing-page.tsx
FN:5,LandingPage
FNF:1
FNH:1
FNDA:3,LandingPage
DA:3,1
DA:5,1
DA:6,3
LF:3
LH:3
BRF:0
BRH:0
end_of_record
TN:
SF:src/components/screens/plan/page.tsx
FN:17,(anonymous_9)
FN:20,(anonymous_10)
FN:21,(anonymous_11)
FN:25,(anonymous_12)
FN:44,(anonymous_13)
FN:47,(anonymous_14)
FN:48,(anonymous_15)
FN:52,(anonymous_16)
FN:66,(anonymous_17)
FN:72,ModernPricingPage
FN:153,(anonymous_19)
FN:156,(anonymous_20)
FN:159,(anonymous_21)
FN:164,(anonymous_22)
FN:203,(anonymous_23)
FN:213,(anonymous_24)
FN:237,(anonymous_25)
FN:280,(anonymous_26)
FN:293,(anonymous_27)
FNF:19
FNH:11
FNDA:9,(anonymous_9)
FNDA:9,(anonymous_10)
FNDA:0,(anonymous_11)
FNDA:9,(anonymous_12)
FNDA:9,(anonymous_13)
FNDA:9,(anonymous_14)
FNDA:0,(anonymous_15)
FNDA:9,(anonymous_16)
FNDA:57,(anonymous_17)
FNDA:3,ModernPricingPage
FNDA:3,(anonymous_19)
FNDA:0,(anonymous_20)
FNDA:0,(anonymous_21)
FNDA:0,(anonymous_22)
FNDA:0,(anonymous_23)
FNDA:0,(anonymous_24)
FNDA:9,(anonymous_25)
FNDA:57,(anonymous_26)
FNDA:0,(anonymous_27)
DA:3,1
DA:4,1
DA:17,1
DA:18,9
DA:20,9
DA:21,9
DA:22,0
DA:25,9
DA:28,9
DA:44,1
DA:45,9
DA:47,9
DA:48,9
DA:49,0
DA:52,9
DA:55,9
DA:66,1
DA:67,57
DA:72,1
DA:73,3
DA:74,3
DA:75,3
DA:94,3
DA:153,3
DA:154,3
DA:155,0
DA:156,0
DA:157,0
DA:159,0
DA:164,3
DA:166,0
DA:167,0
DA:168,0
DA:172,0
DA:173,0
DA:176,3
DA:203,0
DA:213,0
DA:237,9
DA:281,57
DA:293,0
LF:41
LH:27
BRDA:31,0,0,0
BRDA:31,0,1,9
BRDA:32,1,0,3
BRDA:32,1,1,6
BRDA:34,2,0,9
BRDA:34,2,1,3
BRDA:58,3,0,0
BRDA:58,3,1,9
BRDA:154,4,0,0
BRDA:166,5,0,0
BRDA:172,6,0,0
BRDA:172,6,1,0
BRDA:205,7,0,3
BRDA:205,7,1,0
BRDA:215,8,0,0
BRDA:215,8,1,3
BRDA:223,9,0,0
BRDA:223,9,1,3
BRDA:239,10,0,3
BRDA:239,10,1,6
BRDA:243,11,0,9
BRDA:243,11,1,3
BRDA:256,12,0,6
BRDA:256,12,1,3
BRDA:260,13,0,6
BRDA:260,13,1,0
BRDA:260,14,0,0
BRDA:260,14,1,6
BRDA:260,15,0,6
BRDA:260,15,1,6
BRDA:263,16,0,6
BRDA:263,16,1,0
BRDA:266,17,0,6
BRDA:266,17,1,0
BRDA:266,17,2,0
BRDA:266,17,3,0
BRF:36
BRH:21
end_of_record
TN:
SF:src/components/shared/Loader.tsx
FN:5,(anonymous_0)
FNF:1
FNH:1
FNDA:2,(anonymous_0)
DA:3,1
DA:5,1
DA:6,2
DA:8,2
DA:10,1
LF:5
LH:5
BRDA:8,0,0,1
BRDA:17,1,0,1
BRDA:17,1,1,1
BRF:3
BRH:3
end_of_record
TN:
SF:src/components/shared/sidebar.tsx
FN:28,(anonymous_10)
FN:30,(anonymous_11)
FN:33,(anonymous_12)
FN:63,(anonymous_13)
FN:71,(anonymous_14)
FN:79,(anonymous_15)
FN:98,(anonymous_16)
FNF:7
FNH:3
FNDA:4,(anonymous_10)
FNDA:0,(anonymous_11)
FNDA:0,(anonymous_12)
FNDA:0,(anonymous_13)
FNDA:20,(anonymous_14)
FNDA:0,(anonymous_15)
FNDA:8,(anonymous_16)
DA:3,1
DA:4,1
DA:5,1
DA:6,1
DA:7,1
DA:8,1
DA:9,1
DA:20,1
DA:28,1
DA:29,4
DA:30,4
DA:31,4
DA:33,4
DA:35,4
DA:50,4
DA:63,0
DA:72,20
DA:73,20
DA:75,20
DA:76,4
DA:79,0
DA:99,8
DA:118,16
DA:166,1
LF:24
LH:22
BRDA:54,0,0,4
BRDA:54,0,1,0
BRDA:75,1,0,4
BRDA:82,2,0,4
BRDA:82,2,1,0
BRDA:92,3,0,4
BRDA:92,3,1,0
BRDA:96,4,0,4
BRDA:96,4,1,4
BRDA:104,5,0,0
BRDA:104,5,1,8
BRDA:124,6,0,4
BRDA:124,6,1,12
BRDA:132,7,0,4
BRDA:132,7,1,12
BRDA:148,8,0,0
BRDA:148,8,1,4
BRDA:148,9,0,4
BRDA:148,9,1,4
BRDA:148,10,0,0
BRDA:148,10,1,4
BRDA:148,11,0,4
BRDA:148,11,1,4
BRDA:149,12,0,0
BRDA:149,12,1,4
BRDA:149,13,0,4
BRDA:149,13,1,4
BRDA:149,14,0,0
BRDA:149,14,1,4
BRDA:149,15,0,4
BRDA:149,15,1,4
BRF:31
BRH:23
end_of_record
TN:
SF:src/components/ui/Button.tsx
FN:22,Button
FNF:1
FNH:1
FNDA:21,Button
DA:3,3
DA:22,3
DA:28,21
DA:29,21
DA:31,21
DA:57,21
LF:6
LH:6
BRDA:23,0,0,14
BRDA:24,1,0,15
BRDA:26,2,0,20
BRDA:27,3,0,15
BRDA:28,4,0,15
BRDA:52,5,0,21
BRDA:52,5,1,18
BRDA:60,6,0,21
BRDA:60,6,1,18
BRDA:63,7,0,1
BRDA:63,7,1,20
BRF:11
BRH:11
end_of_record
TN:
SF:src/components/ui/Typography.tsx
FN:17,(anonymous_1)
FNF:1
FNH:1
FNDA:31,(anonymous_1)
DA:3,1
DA:4,1
DA:17,1
DA:27,31
DA:41,31
DA:48,31
DA:61,1
LF:7
LH:7
BRDA:19,0,0,24
BRDA:20,1,0,19
BRDA:21,2,0,26
BRDA:22,3,0,30
BRDA:23,4,0,30
BRDA:50,5,0,31
BRDA:50,5,1,2
BRDA:56,6,0,31
BRDA:56,6,1,2
BRF:9
BRH:9
end_of_record
TN:
SF:src/components/ui/alert.tsx
FN:24,(anonymous_10)
FN:37,(anonymous_11)
FN:56,(anonymous_12)
FNF:3
FNH:3
FNDA:7,(anonymous_10)
FNDA:5,(anonymous_11)
FNDA:3,(anonymous_12)
DA:1,2
DA:2,2
DA:3,2
DA:5,2
DA:21,2
DA:24,7
DA:32,2
DA:34,2
DA:37,5
DA:38,5
DA:39,0
DA:41,5
DA:51,2
DA:53,2
DA:56,3
DA:63,2
DA:65,2
LF:17
LH:16
BRDA:38,0,0,0
BRF:1
BRH:0
end_of_record
TN:
SF:src/components/ui/avatar.tsx
FN:11,(anonymous_10)
FN:26,(anonymous_11)
FN:38,(anonymous_12)
FNF:3
FNH:3
FNDA:4,(anonymous_10)
FNDA:3,(anonymous_11)
FNDA:4,(anonymous_12)
DA:3,2
DA:4,2
DA:6,2
DA:8,2
DA:11,4
DA:21,2
DA:23,2
DA:26,3
DA:33,2
DA:35,2
DA:38,4
DA:48,2
DA:50,2
LF:13
LH:13
BRF:0
BRH:0
end_of_record
TN:
SF:src/components/ui/buttonn.tsx
FN:41,(anonymous_10)
FNF:1
FNH:1
FNDA:5,(anonymous_10)
DA:1,1
DA:2,1
DA:3,1
DA:5,1
DA:40,1
DA:41,5
DA:42,5
DA:51,1
DA:53,1
LF:9
LH:9
BRDA:41,0,0,5
BRF:1
BRH:1
end_of_record
TN:
SF:src/components/ui/card.tsx
FN:7,(anonymous_10)
FN:22,(anonymous_11)
FN:34,(anonymous_12)
FN:56,(anonymous_13)
FN:68,(anonymous_14)
FN:76,(anonymous_15)
FNF:6
FNH:6
FNDA:21,(anonymous_10)
FNDA:19,(anonymous_11)
FNDA:19,(anonymous_12)
FNDA:16,(anonymous_13)
FNDA:10,(anonymous_14)
FNDA:10,(anonymous_15)
DA:1,6
DA:2,6
DA:4,6
DA:7,21
DA:17,6
DA:19,6
DA:22,19
DA:29,6
DA:31,6
DA:34,19
DA:35,19
DA:36,0
DA:38,19
DA:51,6
DA:53,6
DA:56,16
DA:63,6
DA:65,6
DA:68,10
DA:71,6
DA:73,6
DA:76,10
DA:83,6
DA:85,6
LF:24
LH:23
BRDA:35,0,0,0
BRF:1
BRH:0
end_of_record
TN:
SF:src/components/ui/checkbox.tsx
FN:12,(anonymous_10)
FNF:1
FNH:1
FNDA:3,(anonymous_10)
DA:3,1
DA:4,1
DA:5,1
DA:7,1
DA:9,1
DA:12,3
DA:28,1
DA:30,1
LF:8
LH:8
BRF:0
BRH:0
end_of_record
TN:
SF:src/components/ui/form.tsx
FN:29,(anonymous_10)
FN:36,(anonymous_11)
FN:47,(anonymous_12)
FN:81,(anonymous_13)
FN:83,(anonymous_14)
FN:96,(anonymous_15)
FN:113,(anonymous_16)
FN:135,(anonymous_17)
FN:152,(anonymous_18)
FNF:9
FNH:9
FNDA:18,(anonymous_10)
FNDA:9,(anonymous_11)
FNDA:31,(anonymous_12)
FNDA:20,(anonymous_13)
FNDA:10,(anonymous_14)
FNDA:6,(anonymous_15)
FNDA:8,(anonymous_16)
FNDA:6,(anonymous_17)
FNDA:10,(anonymous_18)
DA:1,1
DA:3,1
DA:4,1
DA:13,1
DA:14,1
DA:16,1
DA:25,1
DA:29,1
DA:33,18
DA:35,18
DA:36,9
DA:40,18
DA:47,1
DA:48,31
DA:49,31
DA:50,31
DA:52,30
DA:54,30
DA:55,0
DA:58,30
DA:60,30
DA:74,1
DA:78,1
DA:81,20
DA:82,20
DA:83,20
DA:85,20
DA:91,1
DA:93,1
DA:96,6
DA:97,6
DA:99,6
DA:108,1
DA:110,1
DA:113,8
DA:114,8
DA:116,8
DA:130,1
DA:132,1
DA:135,6
DA:136,6
DA:138,6
DA:147,1
DA:149,1
DA:152,10
DA:153,10
DA:154,10
DA:156,10
DA:157,7
DA:160,3
DA:171,1
DA:174,1
DA:175,1
DA:176,1
DA:177,1
DA:178,1
DA:179,1
DA:180,1
DA:181,1
LF:59
LH:58
BRDA:54,0,0,0
BRDA:102,1,0,6
BRDA:102,1,1,1
BRDA:121,2,0,7
BRDA:121,2,1,1
BRDA:154,3,0,1
BRDA:154,3,1,9
BRDA:154,4,0,0
BRDA:154,4,1,1
BRDA:154,5,0,1
BRDA:154,5,1,1
BRDA:156,6,0,7
BRF:12
BRH:10
end_of_record
TN:
SF:src/components/ui/input.tsx
FN:6,(anonymous_10)
FNF:1
FNH:1
FNDA:31,(anonymous_10)
DA:1,4
DA:3,4
DA:5,4
DA:6,31
DA:7,31
DA:20,4
DA:22,4
LF:7
LH:7
BRF:0
BRH:0
end_of_record
TN:
SF:src/components/ui/label.tsx
FN:16,(anonymous_10)
FNF:1
FNH:1
FNDA:23,(anonymous_10)
DA:3,4
DA:4,4
DA:5,4
DA:6,4
DA:8,4
DA:12,4
DA:16,23
DA:23,4
DA:25,4
LF:9
LH:9
BRF:0
BRH:0
end_of_record
TN:
SF:src/components/ui/switch.tsx
FN:11,(anonymous_10)
FNF:1
FNH:1
FNDA:3,(anonymous_10)
DA:3,1
DA:4,1
DA:6,1
DA:8,1
DA:11,3
DA:27,1
DA:29,1
LF:7
LH:7
BRF:0
BRH:0
end_of_record
TN:
SF:src/components/ui/tabs.tsx
FN:13,(anonymous_10)
FN:28,(anonymous_11)
FN:43,(anonymous_12)
FNF:3
FNH:3
FNDA:11,(anonymous_10)
FNDA:21,(anonymous_11)
FNDA:16,(anonymous_12)
DA:3,2
DA:4,2
DA:6,2
DA:8,2
DA:10,2
DA:13,11
DA:23,2
DA:25,2
DA:28,21
DA:38,2
DA:40,2
DA:43,16
DA:53,2
DA:55,2
LF:14
LH:14
BRF:0
BRH:0
end_of_record
TN:
SF:src/components/ui/toast.tsx
FN:15,(anonymous_10)
FN:47,(anonymous_11)
FN:61,(anonymous_12)
FN:76,(anonymous_13)
FN:94,(anonymous_14)
FN:106,(anonymous_15)
FNF:6
FNH:5
FNDA:8,(anonymous_10)
FNDA:8,(anonymous_11)
FNDA:5,(anonymous_12)
FNDA:0,(anonymous_13)
FNDA:4,(anonymous_14)
FNDA:4,(anonymous_15)
DA:3,1
DA:4,1
DA:5,1
DA:6,1
DA:8,1
DA:10,1
DA:12,1
DA:15,8
DA:25,1
DA:27,1
DA:43,1
DA:47,8
DA:48,8
DA:56,1
DA:58,1
DA:61,5
DA:71,1
DA:73,1
DA:76,0
DA:89,1
DA:91,1
DA:94,4
DA:101,1
DA:103,1
DA:106,4
DA:113,1
DA:122,1
DA:123,1
DA:124,1
DA:125,1
DA:126,1
DA:127,1
DA:128,1
LF:33
LH:32
BRF:0
BRH:0
end_of_record
TN:
SF:src/components/ui/use-toast.tsx
FN:29,genId
FN:60,(anonymous_11)
FN:65,(anonymous_12)
FN:76,(anonymous_13)
FN:87,(anonymous_14)
FN:100,(anonymous_15)
FN:107,(anonymous_16)
FN:126,(anonymous_17)
FN:135,dispatch
FN:137,(anonymous_19)
FN:144,toast
FN:147,(anonymous_21)
FN:152,(anonymous_22)
FN:160,(anonymous_23)
FN:173,useToast
FN:176,(anonymous_25)
FN:178,(anonymous_26)
FN:189,(anonymous_27)
FNF:18
FNH:16
FNDA:21,genId
FNDA:7,(anonymous_11)
FNDA:0,(anonymous_12)
FNDA:28,(anonymous_13)
FNDA:10,(anonymous_14)
FNDA:5,(anonymous_15)
FNDA:14,(anonymous_16)
FNDA:1,(anonymous_17)
FNDA:26,dispatch
FNDA:25,(anonymous_19)
FNDA:21,toast
FNDA:2,(anonymous_21)
FNDA:1,(anonymous_22)
FNDA:0,(anonymous_23)
FNDA:23,useToast
FNDA:23,(anonymous_25)
FNDA:23,(anonymous_26)
FNDA:2,(anonymous_27)
DA:3,2
DA:10,2
DA:11,2
DA:20,2
DA:27,2
DA:30,21
DA:31,21
DA:58,2
DA:60,2
DA:61,7
DA:62,1
DA:65,6
DA:66,0
DA:67,0
DA:73,6
DA:76,2
DA:77,28
DA:79,21
DA:85,2
DA:88,10
DA:93,3
DA:97,3
DA:98,2
DA:100,1
DA:101,5
DA:105,3
DA:108,14
DA:118,2
DA:119,1
DA:124,1
DA:126,1
DA:131,2
DA:133,2
DA:136,26
DA:137,26
DA:138,25
DA:144,21
DA:145,21
DA:147,21
DA:148,2
DA:152,21
DA:154,21
DA:161,0
DA:166,21
DA:174,23
DA:176,23
DA:177,23
DA:178,23
DA:179,23
DA:180,23
DA:181,23
DA:186,23
DA:189,2
DA:193,2
LF:54
LH:51
BRDA:61,0,0,1
BRDA:77,1,0,21
BRDA:77,1,1,2
BRDA:77,1,2,3
BRDA:77,1,3,2
BRDA:88,2,0,2
BRDA:88,2,1,8
BRDA:97,3,0,2
BRDA:97,3,1,1
BRDA:108,4,0,7
BRDA:108,4,1,7
BRDA:108,5,0,14
BRDA:108,5,1,12
BRDA:118,6,0,1
BRDA:161,7,0,0
BRDA:180,8,0,23
BRF:16
BRH:15
end_of_record
TN:
SF:src/context/AuthContext.tsx
FN:18,(anonymous_9)
FN:23,(anonymous_10)
FN:27,(anonymous_11)
FN:42,(anonymous_12)
FN:52,(anonymous_13)
FNF:5
FNH:4
FNDA:4,(anonymous_9)
FNDA:0,(anonymous_10)
FNDA:4,(anonymous_11)
FNDA:4,(anonymous_12)
FNDA:4,(anonymous_13)
DA:3,1
DA:4,1
DA:6,1
DA:16,1
DA:18,1
DA:22,4
DA:23,4
DA:25,4
DA:27,4
DA:28,4
DA:29,1
DA:41,4
DA:42,4
DA:46,4
DA:52,1
DA:53,4
DA:54,4
DA:55,0
DA:57,4
LF:19
LH:18
BRDA:25,0,0,3
BRDA:25,0,1,1
BRDA:25,1,0,4
BRDA:25,1,1,1
BRDA:28,2,0,1
BRDA:28,3,0,4
BRDA:28,3,1,1
BRDA:54,4,0,0
BRF:8
BRH:7
end_of_record
TN:
SF:src/lib/index.ts
FN:2,(anonymous_1)
FN:5,(anonymous_2)
FN:8,(anonymous_3)
FNF:3
FNH:3
FNDA:2,(anonymous_1)
FNDA:1,(anonymous_2)
FNDA:2,(anonymous_3)
DA:1,1
DA:2,2
DA:3,1
DA:5,1
DA:6,1
DA:8,1
DA:9,2
LF:7
LH:7
BRF:0
BRH:0
end_of_record
TN:
SF:src/lib/queryClient.ts
FNF:0
FNH:0
DA:1,1
DA:3,1
LF:2
LH:2
BRF:0
BRH:0
end_of_record
TN:
SF:src/lib/api/axiosInstance.ts
FN:19,(anonymous_1)
FN:30,(anonymous_2)
FN:31,(anonymous_3)
FNF:3
FNH:3
FNDA:5,(anonymous_1)
FNDA:1,(anonymous_2)
FNDA:8,(anonymous_3)
DA:1,11
DA:2,11
DA:10,11
DA:19,11
DA:20,5
DA:21,5
DA:22,5
DA:24,0
DA:29,11
DA:30,1
DA:32,8
DA:33,8
DA:34,8
DA:35,8
DA:37,8
DA:44,8
DA:49,5
DA:51,5
DA:52,2
DA:53,2
DA:54,2
DA:64,3
DA:66,3
DA:67,3
DA:68,3
DA:69,2
DA:71,2
DA:72,1
DA:77,1
DA:78,1
DA:80,3
DA:81,3
DA:82,3
DA:93,3
DA:104,11
LF:35
LH:34
BRDA:32,0,0,8
BRDA:32,0,1,2
BRDA:32,1,0,2
BRDA:32,1,1,6
BRDA:32,2,0,8
BRDA:32,2,1,8
BRDA:33,3,0,8
BRDA:33,3,1,2
BRDA:33,4,0,2
BRDA:33,4,1,6
BRDA:33,5,0,8
BRDA:33,5,1,8
BRDA:34,6,0,2
BRDA:34,6,1,6
BRDA:34,7,0,8
BRDA:34,7,1,8
BRDA:34,8,0,2
BRDA:34,8,1,6
BRDA:34,9,0,8
BRDA:34,9,1,8
BRDA:41,10,0,8
BRDA:41,10,1,5
BRDA:44,11,0,5
BRDA:45,12,0,8
BRDA:45,12,1,5
BRDA:45,12,2,1
BRDA:45,12,3,5
BRDA:51,13,0,2
BRDA:71,14,0,1
BRDA:71,15,0,2
BRDA:71,15,1,1
BRDA:71,16,0,1
BRDA:71,16,1,1
BRDA:71,17,0,2
BRDA:71,17,1,2
BRDA:71,18,0,0
BRDA:71,18,1,1
BRDA:71,19,0,1
BRDA:71,19,1,1
BRDA:73,20,0,1
BRDA:73,20,1,1
BRDA:73,21,0,1
BRDA:73,21,1,0
BRDA:73,22,0,1
BRDA:73,22,1,1
BRDA:96,23,0,3
BRDA:96,23,1,2
BRDA:96,24,0,2
BRDA:96,24,1,1
BRDA:96,25,0,3
BRDA:96,25,1,3
BRDA:96,26,0,2
BRDA:96,26,1,1
BRDA:96,27,0,3
BRDA:96,27,1,3
BRF:55
BRH:53
end_of_record
TN:
SF:src/lib/api/mutations/auth.ts
FN:9,(anonymous_1)
FN:11,(anonymous_2)
FN:15,(anonymous_3)
FN:31,(anonymous_4)
FN:43,(anonymous_5)
FN:49,(anonymous_6)
FN:53,(anonymous_7)
FN:76,(anonymous_8)
FN:79,(anonymous_9)
FN:85,(anonymous_10)
FN:89,(anonymous_11)
FN:104,(anonymous_12)
FN:107,(anonymous_13)
FN:113,(anonymous_14)
FN:118,(anonymous_15)
FN:134,(anonymous_16)
FN:137,(anonymous_17)
FN:143,(anonymous_18)
FN:145,(anonymous_19)
FN:150,(anonymous_20)
FN:160,(anonymous_21)
FN:165,(anonymous_22)
FN:171,(anonymous_23)
FN:176,(anonymous_24)
FN:188,(anonymous_25)
FN:192,(anonymous_26)
FNF:26
FNH:26
FNDA:4,(anonymous_1)
FNDA:4,(anonymous_2)
FNDA:4,(anonymous_3)
FNDA:2,(anonymous_4)
FNDA:2,(anonymous_5)
FNDA:3,(anonymous_6)
FNDA:3,(anonymous_7)
FNDA:2,(anonymous_8)
FNDA:1,(anonymous_9)
FNDA:2,(anonymous_10)
FNDA:2,(anonymous_11)
FNDA:1,(anonymous_12)
FNDA:1,(anonymous_13)
FNDA:2,(anonymous_14)
FNDA:2,(anonymous_15)
FNDA:1,(anonymous_16)
FNDA:1,(anonymous_17)
FNDA:3,(anonymous_18)
FNDA:3,(anonymous_19)
FNDA:3,(anonymous_20)
FNDA:2,(anonymous_21)
FNDA:1,(anonymous_22)
FNDA:3,(anonymous_23)
FNDA:3,(anonymous_24)
FNDA:2,(anonymous_25)
FNDA:1,(anonymous_26)
DA:1,1
DA:2,1
DA:3,1
DA:4,1
DA:5,1
DA:6,1
DA:9,1
DA:10,4
DA:11,4
DA:12,4
DA:14,4
DA:16,4
DA:17,4
DA:18,4
DA:23,3
DA:24,2
DA:26,1
DA:28,4
DA:32,2
DA:40,2
DA:41,2
DA:44,2
DA:49,1
DA:50,3
DA:52,3
DA:59,3
DA:60,3
DA:61,3
DA:68,3
DA:69,2
DA:71,1
DA:73,3
DA:77,2
DA:80,1
DA:85,1
DA:86,2
DA:88,2
DA:90,2
DA:91,2
DA:92,2
DA:96,2
DA:97,1
DA:99,1
DA:101,2
DA:105,1
DA:108,1
DA:113,1
DA:114,2
DA:116,2
DA:119,2
DA:120,2
DA:121,2
DA:126,2
DA:127,1
DA:129,1
DA:131,2
DA:135,1
DA:138,1
DA:143,1
DA:144,3
DA:145,3
DA:146,3
DA:148,3
DA:151,3
DA:152,3
DA:153,3
DA:154,3
DA:155,2
DA:157,3
DA:161,2
DA:162,2
DA:163,2
DA:166,1
DA:171,1
DA:172,3
DA:174,3
DA:177,3
DA:178,3
DA:179,3
DA:180,3
DA:181,2
DA:183,1
DA:185,3
DA:190,2
DA:193,1
LF:85
LH:85
BRDA:21,0,0,4
BRDA:21,0,1,3
BRDA:23,1,0,2
BRDA:23,2,0,3
BRDA:23,2,1,2
BRDA:23,3,0,0
BRDA:23,3,1,3
BRDA:23,4,0,3
BRDA:23,4,1,3
BRDA:44,5,0,2
BRDA:44,5,1,0
BRDA:68,6,0,2
BRDA:68,7,0,0
BRDA:68,7,1,3
BRDA:68,8,0,3
BRDA:68,8,1,3
BRDA:80,9,0,1
BRDA:80,9,1,0
BRDA:96,10,0,1
BRDA:96,11,0,0
BRDA:96,11,1,2
BRDA:96,12,0,2
BRDA:96,12,1,2
BRDA:108,13,0,1
BRDA:108,13,1,0
BRDA:122,14,0,0
BRDA:122,14,1,2
BRDA:122,15,0,2
BRDA:122,15,1,2
BRDA:123,16,0,0
BRDA:123,16,1,2
BRDA:123,17,0,2
BRDA:123,17,1,2
BRDA:126,18,0,1
BRDA:126,19,0,0
BRDA:126,19,1,2
BRDA:126,20,0,2
BRDA:126,20,1,2
BRDA:138,21,0,1
BRDA:138,21,1,0
BRDA:154,22,0,1
BRDA:154,23,0,0
BRDA:154,23,1,3
BRDA:154,24,0,3
BRDA:154,24,1,3
BRDA:154,25,0,1
BRDA:154,25,1,0
BRDA:166,26,0,1
BRDA:166,26,1,0
BRDA:166,27,0,0
BRDA:166,27,1,1
BRDA:166,28,0,1
BRDA:166,28,1,1
BRDA:180,29,0,2
BRDA:180,30,0,0
BRDA:180,30,1,3
BRDA:180,31,0,3
BRDA:180,31,1,3
BRDA:183,32,0,1
BRDA:183,32,1,0
BRDA:190,33,0,2
BRDA:190,33,1,1
BRDA:193,34,0,1
BRDA:193,34,1,0
BRF:64
BRH:47
end_of_record
TN:
SF:src/lib/api/mutations/user.ts
FN:8,(anonymous_0)
FN:13,(anonymous_1)
FN:21,(anonymous_2)
FN:30,(anonymous_3)
FN:41,(anonymous_4)
FN:45,(anonymous_5)
FN:53,(anonymous_6)
FN:59,(anonymous_7)
FNF:8
FNH:8
FNDA:16,(anonymous_0)
FNDA:8,(anonymous_1)
FNDA:5,(anonymous_2)
FNDA:3,(anonymous_3)
FNDA:14,(anonymous_4)
FNDA:7,(anonymous_5)
FNDA:4,(anonymous_6)
FNDA:3,(anonymous_7)
DA:3,1
DA:4,1
DA:5,1
DA:6,1
DA:8,1
DA:9,16
DA:10,16
DA:12,16
DA:14,8
DA:15,8
DA:16,8
DA:18,8
DA:22,5
DA:28,5
DA:31,3
DA:32,3
DA:41,1
DA:42,14
DA:44,14
DA:46,7
DA:47,7
DA:48,7
DA:50,7
DA:54,4
DA:60,3
DA:61,3
LF:26
LH:26
BRDA:24,0,0,5
BRDA:24,0,1,0
BRDA:31,1,0,3
BRDA:31,1,1,2
BRDA:31,2,0,2
BRDA:31,2,1,1
BRDA:31,3,0,3
BRDA:31,3,1,3
BRDA:31,4,0,2
BRDA:31,4,1,1
BRDA:31,5,0,3
BRDA:31,5,1,3
BRDA:56,6,0,4
BRDA:56,6,1,0
BRDA:60,7,0,3
BRDA:60,7,1,2
BRDA:60,8,0,2
BRDA:60,8,1,1
BRDA:60,9,0,3
BRDA:60,9,1,3
BRDA:60,10,0,2
BRDA:60,10,1,1
BRDA:60,11,0,3
BRDA:60,11,1,3
BRF:24
BRH:22
end_of_record
TN:
SF:src/lib/api/queries/user.ts
FN:7,(anonymous_0)
FN:12,(anonymous_1)
FNF:2
FNH:2
FNDA:4,(anonymous_0)
FNDA:2,(anonymous_1)
DA:3,1
DA:4,1
DA:5,1
DA:7,1
DA:8,4
DA:10,4
DA:13,2
DA:14,2
DA:15,2
DA:17,2
LF:10
LH:10
BRF:0
BRH:0
end_of_record
TN:
SF:src/lib/api/services/authService.ts
FN:15,(anonymous_1)
FN:26,(anonymous_2)
FN:34,(anonymous_3)
FN:41,(anonymous_4)
FN:49,(anonymous_5)
FN:57,(anonymous_6)
FN:65,(anonymous_7)
FNF:7
FNH:7
FNDA:2,(anonymous_1)
FNDA:2,(anonymous_2)
FNDA:2,(anonymous_3)
FNDA:2,(anonymous_4)
FNDA:2,(anonymous_5)
FNDA:2,(anonymous_6)
FNDA:2,(anonymous_7)
DA:1,3
DA:13,3
DA:18,2
DA:22,1
DA:27,2
DA:31,1
DA:35,2
DA:38,1
DA:42,2
DA:46,1
DA:50,2
DA:54,1
DA:58,2
DA:62,1
DA:66,2
DA:69,1
LF:16
LH:16
BRF:0
BRH:0
end_of_record
TN:
SF:src/lib/api/services/userService.ts
FN:19,(anonymous_1)
FN:25,(anonymous_2)
FN:31,(anonymous_3)
FNF:3
FNH:3
FNDA:2,(anonymous_1)
FNDA:2,(anonymous_2)
FNDA:2,(anonymous_3)
DA:2,1
DA:17,1
DA:20,2
DA:21,1
DA:26,2
DA:27,1
DA:32,2
DA:33,1
LF:8
LH:8
BRF:0
BRH:0
end_of_record
TN:
SF:src/lib/utils/index.ts
FN:4,cn
FNF:1
FNH:1
FNDA:451,cn
DA:1,21
DA:2,21
DA:4,21
DA:5,451
LF:4
LH:4
BRF:0
BRH:0
end_of_record
TN:
SF:src/lib/validations/authSchema.ts
FNF:0
FNH:0
DA:1,2
DA:2,2
DA:4,2
DA:20,2
DA:25,2
DA:29,2
LF:6
LH:6
BRF:0
BRH:0
end_of_record
TN:
SF:src/lib/validations/schemas.ts
FNF:0
FNH:0
DA:1,3
DA:3,3
DA:7,3
LF:3
LH:3
BRF:0
BRH:0
end_of_record
TN:
SF:src/stores/useAuthStore.ts
FN:25,(anonymous_0)
FN:29,(anonymous_1)
FN:30,(anonymous_2)
FN:36,(anonymous_3)
FN:37,(anonymous_4)
FN:43,(anonymous_5)
FN:44,(anonymous_6)
FN:49,(anonymous_7)
FN:50,(anonymous_8)
FNF:9
FNH:9
FNDA:1,(anonymous_0)
FNDA:4,(anonymous_1)
FNDA:4,(anonymous_2)
FNDA:7,(anonymous_3)
FNDA:7,(anonymous_4)
FNDA:1,(anonymous_5)
FNDA:1,(anonymous_6)
FNDA:2,(anonymous_7)
FNDA:2,(anonymous_8)
DA:1,1
DA:2,1
DA:24,1
DA:25,1
DA:30,4
DA:31,4
DA:32,4
DA:37,7
DA:38,7
DA:39,7
DA:44,1
DA:45,1
DA:50,2
DA:51,2
DA:52,1
LF:15
LH:15
BRDA:51,0,0,1
BRF:1
BRH:1
end_of_record
TN:
SF:src/stores/useLoaderStore.ts
FN:10,(anonymous_0)
FN:13,(anonymous_1)
FN:14,(anonymous_2)
FNF:3
FNH:3
FNDA:2,(anonymous_0)
FNDA:6,(anonymous_1)
FNDA:2,(anonymous_2)
DA:1,2
DA:10,2
DA:13,6
DA:14,2
LF:4
LH:4
BRF:0
BRH:0
end_of_record
